mode: set
github.com/PaulOh5/manual-parse/main.go:22.56,27.38 5 1
github.com/PaulOh5/manual-parse/main.go:27.38,29.3 1 0
github.com/PaulOh5/manual-parse/main.go:30.2,31.20 2 1
github.com/PaulOh5/manual-parse/main.go:31.20,33.3 1 1
github.com/PaulOh5/manual-parse/main.go:34.2,34.18 1 1
github.com/PaulOh5/manual-parse/main.go:37.47,41.20 4 1
github.com/PaulOh5/manual-parse/main.go:41.20,43.3 1 1
github.com/PaulOh5/manual-parse/main.go:45.2,45.44 1 1
github.com/PaulOh5/manual-parse/main.go:45.44,48.3 2 1
github.com/PaulOh5/manual-parse/main.go:50.2,51.16 2 1
github.com/PaulOh5/manual-parse/main.go:51.16,53.3 1 1
github.com/PaulOh5/manual-parse/main.go:54.2,56.15 2 1
github.com/PaulOh5/manual-parse/main.go:59.35,60.40 1 1
github.com/PaulOh5/manual-parse/main.go:60.40,62.3 1 1
github.com/PaulOh5/manual-parse/main.go:63.2,63.12 1 1
github.com/PaulOh5/manual-parse/main.go:66.55,67.18 1 1
github.com/PaulOh5/manual-parse/main.go:67.18,70.3 2 1
github.com/PaulOh5/manual-parse/main.go:72.2,73.16 2 1
github.com/PaulOh5/manual-parse/main.go:73.16,75.3 1 1
github.com/PaulOh5/manual-parse/main.go:76.2,77.12 2 1
github.com/PaulOh5/manual-parse/main.go:80.30,82.2 1 1
github.com/PaulOh5/manual-parse/main.go:84.52,86.34 2 1
github.com/PaulOh5/manual-parse/main.go:86.34,88.3 1 1
github.com/PaulOh5/manual-parse/main.go:91.13,93.16 2 0
github.com/PaulOh5/manual-parse/main.go:93.16,97.3 3 0
github.com/PaulOh5/manual-parse/main.go:98.2,99.16 2 0
github.com/PaulOh5/manual-parse/main.go:99.16,103.3 3 0
github.com/PaulOh5/manual-parse/main.go:104.2,105.16 2 0
github.com/PaulOh5/manual-parse/main.go:105.16,108.3 2 0
